{"C:\\Users\\mycom\\Documents\\classting\\woopil_classting\\src\\admin\\deleteNews.ts": {"path":"C:\\Users\\mycom\\Documents\\classting\\woopil_classting\\src\\admin\\deleteNews.ts","statementMap":{"0":{"start":{"line":1,"column":0},"end":{"line":1,"column":31}},"1":{"start":{"line":2,"column":0},"end":{"line":2,"column":38}},"2":{"start":{"line":4,"column":17},"end":{"line":4,"column":50}},"3":{"start":{"line":6,"column":23},"end":{"line":83,"column":null}},"4":{"start":{"line":6,"column":44},"end":{"line":83,"column":null}},"5":{"start":{"line":7,"column":4},"end":{"line":82,"column":5}},"6":{"start":{"line":8,"column":22},"end":{"line":8,"column":49}},"7":{"start":{"line":10,"column":8},"end":{"line":15,"column":9}},"8":{"start":{"line":11,"column":12},"end":{"line":14,"column":14}},"9":{"start":{"line":16,"column":34},"end":{"line":16,"column":47}},"10":{"start":{"line":17,"column":23},"end":{"line":17,"column":53}},"11":{"start":{"line":18,"column":8},"end":{"line":73,"column":9}},"12":{"start":{"line":19,"column":25},"end":{"line":19,"column":47}},"13":{"start":{"line":21,"column":29},"end":{"line":21,"column":33}},"14":{"start":{"line":23,"column":12},"end":{"line":28,"column":13}},"15":{"start":{"line":24,"column":16},"end":{"line":27,"column":18}},"16":{"start":{"line":31,"column":72},"end":{"line":34,"column":14}},"17":{"start":{"line":36,"column":33},"end":{"line":36,"column":72}},"18":{"start":{"line":39,"column":12},"end":{"line":44,"column":13}},"19":{"start":{"line":40,"column":16},"end":{"line":43,"column":18}},"20":{"start":{"line":46,"column":78},"end":{"line":59,"column":14}},"21":{"start":{"line":61,"column":12},"end":{"line":61,"column":58}},"22":{"start":{"line":64,"column":12},"end":{"line":67,"column":14}},"23":{"start":{"line":69,"column":12},"end":{"line":72,"column":14}},"24":{"start":{"line":77,"column":8},"end":{"line":77,"column":39}},"25":{"start":{"line":78,"column":8},"end":{"line":81,"column":10}},"26":{"start":{"line":6,"column":13},"end":{"line":6,"column":23}}},"fnMap":{"0":{"name":"(anonymous_13)","decl":{"start":{"line":6,"column":23},"end":{"line":6,"column":30}},"loc":{"start":{"line":6,"column":44},"end":{"line":83,"column":null}}},"1":{"name":"(anonymous_14)","decl":{"start":{"line":6,"column":44},"end":{"line":6,"column":null}},"loc":{"start":{"line":6,"column":44},"end":{"line":83,"column":1}}}},"branchMap":{"0":{"loc":{"start":{"line":10,"column":8},"end":{"line":15,"column":9}},"type":"if","locations":[{"start":{"line":10,"column":8},"end":{"line":15,"column":9}}]},"1":{"loc":{"start":{"line":18,"column":8},"end":{"line":73,"column":9}},"type":"if","locations":[{"start":{"line":18,"column":8},"end":{"line":73,"column":9}},{"start":{"line":68,"column":15},"end":{"line":73,"column":9}}]},"2":{"loc":{"start":{"line":18,"column":12},"end":{"line":18,"column":46}},"type":"binary-expr","locations":[{"start":{"line":18,"column":12},"end":{"line":18,"column":18}},{"start":{"line":18,"column":22},"end":{"line":18,"column":46}}]},"3":{"loc":{"start":{"line":23,"column":12},"end":{"line":28,"column":13}},"type":"if","locations":[{"start":{"line":23,"column":12},"end":{"line":28,"column":13}}]},"4":{"loc":{"start":{"line":39,"column":12},"end":{"line":44,"column":13}},"type":"if","locations":[{"start":{"line":39,"column":12},"end":{"line":44,"column":13}}]}},"s":{"0":1,"1":1,"2":1,"3":1,"4":2,"5":2,"6":2,"7":2,"8":0,"9":2,"10":2,"11":2,"12":2,"13":2,"14":2,"15":0,"16":2,"17":2,"18":2,"19":2,"20":0,"21":0,"22":0,"23":0,"24":0,"25":0,"26":1},"f":{"0":2,"1":2},"b":{"0":[0],"1":[2,0],"2":[2,2],"3":[0],"4":[2]}}
,"C:\\Users\\mycom\\Documents\\classting\\woopil_classting\\src\\admin\\patchNews.ts": {"path":"C:\\Users\\mycom\\Documents\\classting\\woopil_classting\\src\\admin\\patchNews.ts","statementMap":{"0":{"start":{"line":1,"column":0},"end":{"line":1,"column":31}},"1":{"start":{"line":2,"column":0},"end":{"line":2,"column":38}},"2":{"start":{"line":5,"column":17},"end":{"line":5,"column":50}},"3":{"start":{"line":7,"column":23},"end":{"line":85,"column":null}},"4":{"start":{"line":7,"column":44},"end":{"line":85,"column":null}},"5":{"start":{"line":8,"column":4},"end":{"line":84,"column":5}},"6":{"start":{"line":9,"column":22},"end":{"line":9,"column":49}},"7":{"start":{"line":11,"column":8},"end":{"line":16,"column":9}},"8":{"start":{"line":12,"column":12},"end":{"line":15,"column":14}},"9":{"start":{"line":17,"column":34},"end":{"line":17,"column":47}},"10":{"start":{"line":18,"column":23},"end":{"line":18,"column":53}},"11":{"start":{"line":19,"column":8},"end":{"line":75,"column":9}},"12":{"start":{"line":20,"column":25},"end":{"line":20,"column":47}},"13":{"start":{"line":22,"column":45},"end":{"line":22,"column":49}},"14":{"start":{"line":24,"column":12},"end":{"line":29,"column":13}},"15":{"start":{"line":25,"column":16},"end":{"line":28,"column":18}},"16":{"start":{"line":32,"column":72},"end":{"line":35,"column":14}},"17":{"start":{"line":37,"column":33},"end":{"line":37,"column":72}},"18":{"start":{"line":40,"column":12},"end":{"line":45,"column":13}},"19":{"start":{"line":41,"column":16},"end":{"line":44,"column":18}},"20":{"start":{"line":47,"column":78},"end":{"line":62,"column":14}},"21":{"start":{"line":63,"column":12},"end":{"line":63,"column":58}},"22":{"start":{"line":66,"column":12},"end":{"line":69,"column":14}},"23":{"start":{"line":71,"column":12},"end":{"line":74,"column":14}},"24":{"start":{"line":79,"column":8},"end":{"line":79,"column":39}},"25":{"start":{"line":80,"column":8},"end":{"line":83,"column":10}},"26":{"start":{"line":7,"column":13},"end":{"line":7,"column":23}}},"fnMap":{"0":{"name":"(anonymous_13)","decl":{"start":{"line":7,"column":23},"end":{"line":7,"column":30}},"loc":{"start":{"line":7,"column":44},"end":{"line":85,"column":null}}},"1":{"name":"(anonymous_14)","decl":{"start":{"line":7,"column":44},"end":{"line":7,"column":null}},"loc":{"start":{"line":7,"column":44},"end":{"line":85,"column":1}}}},"branchMap":{"0":{"loc":{"start":{"line":11,"column":8},"end":{"line":16,"column":9}},"type":"if","locations":[{"start":{"line":11,"column":8},"end":{"line":16,"column":9}}]},"1":{"loc":{"start":{"line":19,"column":8},"end":{"line":75,"column":9}},"type":"if","locations":[{"start":{"line":19,"column":8},"end":{"line":75,"column":9}},{"start":{"line":70,"column":15},"end":{"line":75,"column":9}}]},"2":{"loc":{"start":{"line":19,"column":12},"end":{"line":19,"column":46}},"type":"binary-expr","locations":[{"start":{"line":19,"column":12},"end":{"line":19,"column":18}},{"start":{"line":19,"column":22},"end":{"line":19,"column":46}}]},"3":{"loc":{"start":{"line":24,"column":12},"end":{"line":29,"column":13}},"type":"if","locations":[{"start":{"line":24,"column":12},"end":{"line":29,"column":13}}]},"4":{"loc":{"start":{"line":24,"column":16},"end":{"line":24,"column":45}},"type":"binary-expr","locations":[{"start":{"line":24,"column":16},"end":{"line":24,"column":23}},{"start":{"line":24,"column":27},"end":{"line":24,"column":33}},{"start":{"line":24,"column":37},"end":{"line":24,"column":45}}]},"5":{"loc":{"start":{"line":40,"column":12},"end":{"line":45,"column":13}},"type":"if","locations":[{"start":{"line":40,"column":12},"end":{"line":45,"column":13}}]},"6":{"loc":{"start":{"line":57,"column":30},"end":{"line":57,"column":62}},"type":"binary-expr","locations":[{"start":{"line":57,"column":30},"end":{"line":57,"column":35}},{"start":{"line":57,"column":39},"end":{"line":57,"column":62}}]},"7":{"loc":{"start":{"line":58,"column":32},"end":{"line":58,"column":68}},"type":"binary-expr","locations":[{"start":{"line":58,"column":32},"end":{"line":58,"column":39}},{"start":{"line":58,"column":43},"end":{"line":58,"column":68}}]}},"s":{"0":1,"1":1,"2":1,"3":1,"4":2,"5":2,"6":2,"7":2,"8":0,"9":2,"10":2,"11":2,"12":2,"13":2,"14":2,"15":0,"16":2,"17":2,"18":2,"19":2,"20":0,"21":0,"22":0,"23":0,"24":0,"25":0,"26":1},"f":{"0":2,"1":2},"b":{"0":[0],"1":[2,0],"2":[2,2],"3":[0],"4":[2,2,2],"5":[2],"6":[0,0],"7":[0,0]}}
,"C:\\Users\\mycom\\Documents\\classting\\woopil_classting\\src\\admin\\postNews.ts": {"path":"C:\\Users\\mycom\\Documents\\classting\\woopil_classting\\src\\admin\\postNews.ts","statementMap":{"0":{"start":{"line":1,"column":0},"end":{"line":1,"column":31}},"1":{"start":{"line":2,"column":0},"end":{"line":2,"column":38}},"2":{"start":{"line":3,"column":0},"end":{"line":3,"column":63}},"3":{"start":{"line":6,"column":17},"end":{"line":6,"column":50}},"4":{"start":{"line":8,"column":23},"end":{"line":79,"column":null}},"5":{"start":{"line":8,"column":44},"end":{"line":79,"column":null}},"6":{"start":{"line":9,"column":4},"end":{"line":78,"column":5}},"7":{"start":{"line":10,"column":22},"end":{"line":10,"column":49}},"8":{"start":{"line":12,"column":8},"end":{"line":17,"column":9}},"9":{"start":{"line":13,"column":12},"end":{"line":16,"column":14}},"10":{"start":{"line":18,"column":34},"end":{"line":18,"column":47}},"11":{"start":{"line":19,"column":23},"end":{"line":19,"column":53}},"12":{"start":{"line":20,"column":8},"end":{"line":69,"column":9}},"13":{"start":{"line":21,"column":25},"end":{"line":21,"column":47}},"14":{"start":{"line":23,"column":47},"end":{"line":23,"column":51}},"15":{"start":{"line":25,"column":12},"end":{"line":30,"column":13}},"16":{"start":{"line":26,"column":16},"end":{"line":29,"column":18}},"17":{"start":{"line":32,"column":25},"end":{"line":32,"column":59}},"18":{"start":{"line":33,"column":69},"end":{"line":36,"column":14}},"19":{"start":{"line":38,"column":12},"end":{"line":38,"column":49}},"20":{"start":{"line":41,"column":78},"end":{"line":48,"column":14}},"21":{"start":{"line":49,"column":40},"end":{"line":49,"column":89}},"22":{"start":{"line":51,"column":12},"end":{"line":58,"column":13}},"23":{"start":{"line":52,"column":33},"end":{"line":52,"column":81}},"24":{"start":{"line":53,"column":81},"end":{"line":56,"column":18}},"25":{"start":{"line":57,"column":16},"end":{"line":57,"column":61}},"26":{"start":{"line":60,"column":12},"end":{"line":63,"column":14}},"27":{"start":{"line":65,"column":12},"end":{"line":68,"column":14}},"28":{"start":{"line":73,"column":8},"end":{"line":73,"column":39}},"29":{"start":{"line":74,"column":8},"end":{"line":77,"column":10}},"30":{"start":{"line":8,"column":13},"end":{"line":8,"column":23}}},"fnMap":{"0":{"name":"(anonymous_13)","decl":{"start":{"line":8,"column":23},"end":{"line":8,"column":30}},"loc":{"start":{"line":8,"column":44},"end":{"line":79,"column":null}}},"1":{"name":"(anonymous_14)","decl":{"start":{"line":8,"column":44},"end":{"line":8,"column":null}},"loc":{"start":{"line":8,"column":44},"end":{"line":79,"column":1}}}},"branchMap":{"0":{"loc":{"start":{"line":12,"column":8},"end":{"line":17,"column":9}},"type":"if","locations":[{"start":{"line":12,"column":8},"end":{"line":17,"column":9}}]},"1":{"loc":{"start":{"line":20,"column":8},"end":{"line":69,"column":9}},"type":"if","locations":[{"start":{"line":20,"column":8},"end":{"line":69,"column":9}},{"start":{"line":64,"column":15},"end":{"line":69,"column":9}}]},"2":{"loc":{"start":{"line":20,"column":12},"end":{"line":20,"column":46}},"type":"binary-expr","locations":[{"start":{"line":20,"column":12},"end":{"line":20,"column":18}},{"start":{"line":20,"column":22},"end":{"line":20,"column":46}}]},"3":{"loc":{"start":{"line":25,"column":12},"end":{"line":30,"column":13}},"type":"if","locations":[{"start":{"line":25,"column":12},"end":{"line":30,"column":13}}]},"4":{"loc":{"start":{"line":25,"column":16},"end":{"line":25,"column":47}},"type":"binary-expr","locations":[{"start":{"line":25,"column":16},"end":{"line":25,"column":25}},{"start":{"line":25,"column":29},"end":{"line":25,"column":35}},{"start":{"line":25,"column":39},"end":{"line":25,"column":47}}]}},"s":{"0":1,"1":1,"2":1,"3":1,"4":1,"5":1,"6":1,"7":1,"8":1,"9":0,"10":1,"11":1,"12":1,"13":1,"14":1,"15":1,"16":0,"17":1,"18":1,"19":1,"20":1,"21":1,"22":1,"23":0,"24":0,"25":0,"26":1,"27":0,"28":0,"29":0,"30":1},"f":{"0":1,"1":1},"b":{"0":[0],"1":[1,0],"2":[1,1],"3":[0],"4":[1,1,1]}}
,"C:\\Users\\mycom\\Documents\\classting\\woopil_classting\\src\\admin\\postSchool.ts": {"path":"C:\\Users\\mycom\\Documents\\classting\\woopil_classting\\src\\admin\\postSchool.ts","statementMap":{"0":{"start":{"line":1,"column":0},"end":{"line":1,"column":31}},"1":{"start":{"line":2,"column":0},"end":{"line":2,"column":38}},"2":{"start":{"line":3,"column":0},"end":{"line":3,"column":33}},"3":{"start":{"line":6,"column":17},"end":{"line":6,"column":50}},"4":{"start":{"line":8,"column":23},"end":{"line":57,"column":null}},"5":{"start":{"line":8,"column":44},"end":{"line":57,"column":null}},"6":{"start":{"line":9,"column":4},"end":{"line":56,"column":5}},"7":{"start":{"line":10,"column":22},"end":{"line":10,"column":49}},"8":{"start":{"line":12,"column":8},"end":{"line":17,"column":9}},"9":{"start":{"line":13,"column":12},"end":{"line":16,"column":14}},"10":{"start":{"line":18,"column":34},"end":{"line":18,"column":47}},"11":{"start":{"line":19,"column":23},"end":{"line":19,"column":53}},"12":{"start":{"line":20,"column":8},"end":{"line":47,"column":9}},"13":{"start":{"line":21,"column":25},"end":{"line":21,"column":47}},"14":{"start":{"line":23,"column":35},"end":{"line":23,"column":39}},"15":{"start":{"line":25,"column":12},"end":{"line":30,"column":13}},"16":{"start":{"line":26,"column":16},"end":{"line":29,"column":18}},"17":{"start":{"line":31,"column":69},"end":{"line":34,"column":14}},"18":{"start":{"line":36,"column":12},"end":{"line":36,"column":49}},"19":{"start":{"line":38,"column":12},"end":{"line":41,"column":14}},"20":{"start":{"line":43,"column":12},"end":{"line":46,"column":14}},"21":{"start":{"line":51,"column":8},"end":{"line":51,"column":39}},"22":{"start":{"line":52,"column":8},"end":{"line":55,"column":10}},"23":{"start":{"line":8,"column":13},"end":{"line":8,"column":23}}},"fnMap":{"0":{"name":"(anonymous_13)","decl":{"start":{"line":8,"column":23},"end":{"line":8,"column":30}},"loc":{"start":{"line":8,"column":44},"end":{"line":57,"column":null}}},"1":{"name":"(anonymous_14)","decl":{"start":{"line":8,"column":44},"end":{"line":8,"column":null}},"loc":{"start":{"line":8,"column":44},"end":{"line":57,"column":1}}}},"branchMap":{"0":{"loc":{"start":{"line":12,"column":8},"end":{"line":17,"column":9}},"type":"if","locations":[{"start":{"line":12,"column":8},"end":{"line":17,"column":9}}]},"1":{"loc":{"start":{"line":20,"column":8},"end":{"line":47,"column":9}},"type":"if","locations":[{"start":{"line":20,"column":8},"end":{"line":47,"column":9}},{"start":{"line":42,"column":15},"end":{"line":47,"column":9}}]},"2":{"loc":{"start":{"line":20,"column":12},"end":{"line":20,"column":46}},"type":"binary-expr","locations":[{"start":{"line":20,"column":12},"end":{"line":20,"column":18}},{"start":{"line":20,"column":22},"end":{"line":20,"column":46}}]},"3":{"loc":{"start":{"line":25,"column":12},"end":{"line":30,"column":13}},"type":"if","locations":[{"start":{"line":25,"column":12},"end":{"line":30,"column":13}}]},"4":{"loc":{"start":{"line":25,"column":16},"end":{"line":25,"column":32}},"type":"binary-expr","locations":[{"start":{"line":25,"column":16},"end":{"line":25,"column":21}},{"start":{"line":25,"column":25},"end":{"line":25,"column":32}}]}},"s":{"0":1,"1":1,"2":1,"3":1,"4":1,"5":4,"6":4,"7":4,"8":4,"9":1,"10":3,"11":3,"12":3,"13":2,"14":2,"15":2,"16":1,"17":1,"18":1,"19":1,"20":1,"21":0,"22":0,"23":1},"f":{"0":4,"1":4},"b":{"0":[1],"1":[2,1],"2":[3,2],"3":[1],"4":[2,1]}}
,"C:\\Users\\mycom\\Documents\\classting\\woopil_classting\\src\\entity\\index.ts": {"path":"C:\\Users\\mycom\\Documents\\classting\\woopil_classting\\src\\entity\\index.ts","statementMap":{"0":{"start":{"line":1,"column":0},"end":{"line":1,"column":24}},"1":{"start":{"line":2,"column":0},"end":{"line":2,"column":22}},"2":{"start":{"line":3,"column":0},"end":{"line":3,"column":26}},"3":{"start":{"line":4,"column":0},"end":{"line":4,"column":30}}},"fnMap":{},"branchMap":{},"s":{"0":3,"1":3,"2":3,"3":3},"f":{},"b":{}}
,"C:\\Users\\mycom\\Documents\\classting\\woopil_classting\\src\\entity\\news.ts": {"path":"C:\\Users\\mycom\\Documents\\classting\\woopil_classting\\src\\entity\\news.ts","statementMap":{"0":{"start":{"line":1,"column":0},"end":{"line":1,"column":24}},"1":{"start":{"line":14,"column":8},"end":{"line":14,"column":28}},"2":{"start":{"line":15,"column":8},"end":{"line":15,"column":33}},"3":{"start":{"line":16,"column":8},"end":{"line":16,"column":27}},"4":{"start":{"line":17,"column":8},"end":{"line":17,"column":31}},"5":{"start":{"line":18,"column":8},"end":{"line":18,"column":50}},"6":{"start":{"line":19,"column":8},"end":{"line":19,"column":50}},"7":{"start":{"line":20,"column":8},"end":{"line":20,"column":31}},"8":{"start":{"line":3,"column":0},"end":{"line":3,"column":13}}},"fnMap":{"0":{"name":"(anonymous_0)","decl":{"start":{"line":13,"column":4},"end":{"line":13,"column":16}},"loc":{"start":{"line":13,"column":64},"end":{"line":21,"column":5}}}},"branchMap":{},"s":{"0":3,"1":1,"2":1,"3":1,"4":1,"5":1,"6":1,"7":1,"8":3},"f":{"0":1},"b":{}}
,"C:\\Users\\mycom\\Documents\\classting\\woopil_classting\\src\\entity\\newsFeed.ts": {"path":"C:\\Users\\mycom\\Documents\\classting\\woopil_classting\\src\\entity\\newsFeed.ts","statementMap":{"0":{"start":{"line":1,"column":0},"end":{"line":1,"column":24}},"1":{"start":{"line":11,"column":8},"end":{"line":11,"column":32}},"2":{"start":{"line":12,"column":8},"end":{"line":12,"column":29}},"3":{"start":{"line":13,"column":8},"end":{"line":13,"column":33}},"4":{"start":{"line":14,"column":8},"end":{"line":14,"column":50}},"5":{"start":{"line":3,"column":0},"end":{"line":3,"column":13}}},"fnMap":{"0":{"name":"(anonymous_0)","decl":{"start":{"line":10,"column":4},"end":{"line":10,"column":16}},"loc":{"start":{"line":10,"column":48},"end":{"line":15,"column":5}}}},"branchMap":{},"s":{"0":3,"1":0,"2":0,"3":0,"4":0,"5":3},"f":{"0":0},"b":{}}
,"C:\\Users\\mycom\\Documents\\classting\\woopil_classting\\src\\entity\\school.ts": {"path":"C:\\Users\\mycom\\Documents\\classting\\woopil_classting\\src\\entity\\school.ts","statementMap":{"0":{"start":{"line":1,"column":0},"end":{"line":1,"column":24}},"1":{"start":{"line":11,"column":8},"end":{"line":11,"column":30}},"2":{"start":{"line":12,"column":8},"end":{"line":12,"column":25}},"3":{"start":{"line":13,"column":8},"end":{"line":13,"column":29}},"4":{"start":{"line":14,"column":8},"end":{"line":14,"column":50}},"5":{"start":{"line":15,"column":8},"end":{"line":15,"column":31}},"6":{"start":{"line":3,"column":0},"end":{"line":3,"column":13}}},"fnMap":{"0":{"name":"(anonymous_0)","decl":{"start":{"line":10,"column":4},"end":{"line":10,"column":16}},"loc":{"start":{"line":10,"column":44},"end":{"line":16,"column":5}}}},"branchMap":{},"s":{"0":3,"1":1,"2":1,"3":1,"4":1,"5":1,"6":3},"f":{"0":1},"b":{}}
,"C:\\Users\\mycom\\Documents\\classting\\woopil_classting\\src\\entity\\subscription.ts": {"path":"C:\\Users\\mycom\\Documents\\classting\\woopil_classting\\src\\entity\\subscription.ts","statementMap":{"0":{"start":{"line":1,"column":0},"end":{"line":1,"column":24}},"1":{"start":{"line":12,"column":8},"end":{"line":12,"column":36}},"2":{"start":{"line":13,"column":8},"end":{"line":13,"column":33}},"3":{"start":{"line":14,"column":8},"end":{"line":14,"column":30}},"4":{"start":{"line":15,"column":8},"end":{"line":15,"column":53}},"5":{"start":{"line":16,"column":8},"end":{"line":16,"column":31}},"6":{"start":{"line":3,"column":0},"end":{"line":3,"column":13}}},"fnMap":{"0":{"name":"(anonymous_0)","decl":{"start":{"line":11,"column":4},"end":{"line":11,"column":16}},"loc":{"start":{"line":11,"column":46},"end":{"line":17,"column":5}}}},"branchMap":{},"s":{"0":3,"1":2,"2":2,"3":2,"4":2,"5":2,"6":3},"f":{"0":2},"b":{}}
,"C:\\Users\\mycom\\Documents\\classting\\woopil_classting\\src\\student\\getAllSchool.ts": {"path":"C:\\Users\\mycom\\Documents\\classting\\woopil_classting\\src\\student\\getAllSchool.ts","statementMap":{"0":{"start":{"line":1,"column":0},"end":{"line":1,"column":31}},"1":{"start":{"line":2,"column":0},"end":{"line":2,"column":36}},"2":{"start":{"line":5,"column":17},"end":{"line":5,"column":50}},"3":{"start":{"line":7,"column":23},"end":{"line":44,"column":null}},"4":{"start":{"line":7,"column":44},"end":{"line":44,"column":null}},"5":{"start":{"line":8,"column":4},"end":{"line":43,"column":5}},"6":{"start":{"line":9,"column":22},"end":{"line":9,"column":49}},"7":{"start":{"line":10,"column":34},"end":{"line":10,"column":47}},"8":{"start":{"line":11,"column":25},"end":{"line":11,"column":49}},"9":{"start":{"line":12,"column":8},"end":{"line":17,"column":9}},"10":{"start":{"line":13,"column":12},"end":{"line":16,"column":14}},"11":{"start":{"line":19,"column":8},"end":{"line":35,"column":9}},"12":{"start":{"line":20,"column":70},"end":{"line":22,"column":14}},"13":{"start":{"line":24,"column":31},"end":{"line":24,"column":72}},"14":{"start":{"line":26,"column":12},"end":{"line":29,"column":14}},"15":{"start":{"line":31,"column":12},"end":{"line":34,"column":14}},"16":{"start":{"line":38,"column":8},"end":{"line":38,"column":39}},"17":{"start":{"line":39,"column":8},"end":{"line":42,"column":10}},"18":{"start":{"line":7,"column":13},"end":{"line":7,"column":23}}},"fnMap":{"0":{"name":"(anonymous_13)","decl":{"start":{"line":7,"column":23},"end":{"line":7,"column":30}},"loc":{"start":{"line":7,"column":44},"end":{"line":44,"column":null}}},"1":{"name":"(anonymous_14)","decl":{"start":{"line":7,"column":44},"end":{"line":7,"column":null}},"loc":{"start":{"line":7,"column":44},"end":{"line":44,"column":1}}}},"branchMap":{"0":{"loc":{"start":{"line":11,"column":25},"end":{"line":11,"column":49}},"type":"cond-expr","locations":[{"start":{"line":11,"column":37},"end":{"line":11,"column":39}},{"start":{"line":11,"column":25},"end":{"line":11,"column":49}}]},"1":{"loc":{"start":{"line":11,"column":25},"end":{"line":11,"column":39}},"type":"binary-expr","locations":[{"start":{"line":11,"column":25},"end":{"line":11,"column":39}},{"start":{"line":11,"column":25},"end":{"line":11,"column":39}}]},"2":{"loc":{"start":{"line":12,"column":8},"end":{"line":17,"column":9}},"type":"if","locations":[{"start":{"line":12,"column":8},"end":{"line":17,"column":9}}]},"3":{"loc":{"start":{"line":19,"column":8},"end":{"line":35,"column":9}},"type":"if","locations":[{"start":{"line":19,"column":8},"end":{"line":35,"column":9}},{"start":{"line":30,"column":14},"end":{"line":35,"column":9}}]}},"s":{"0":1,"1":1,"2":1,"3":1,"4":1,"5":1,"6":1,"7":1,"8":1,"9":1,"10":0,"11":1,"12":0,"13":0,"14":0,"15":1,"16":0,"17":0,"18":1},"f":{"0":1,"1":1},"b":{"0":[0,1],"1":[1,1],"2":[0],"3":[0,1]}}
,"C:\\Users\\mycom\\Documents\\classting\\woopil_classting\\src\\student\\getSubscribeSchool.ts": {"path":"C:\\Users\\mycom\\Documents\\classting\\woopil_classting\\src\\student\\getSubscribeSchool.ts","statementMap":{"0":{"start":{"line":1,"column":0},"end":{"line":1,"column":31}},"1":{"start":{"line":2,"column":0},"end":{"line":2,"column":36}},"2":{"start":{"line":5,"column":17},"end":{"line":5,"column":50}},"3":{"start":{"line":7,"column":23},"end":{"line":73,"column":null}},"4":{"start":{"line":7,"column":44},"end":{"line":73,"column":null}},"5":{"start":{"line":8,"column":4},"end":{"line":72,"column":5}},"6":{"start":{"line":9,"column":22},"end":{"line":9,"column":49}},"7":{"start":{"line":10,"column":34},"end":{"line":10,"column":47}},"8":{"start":{"line":11,"column":25},"end":{"line":11,"column":49}},"9":{"start":{"line":12,"column":8},"end":{"line":17,"column":9}},"10":{"start":{"line":13,"column":12},"end":{"line":16,"column":14}},"11":{"start":{"line":19,"column":8},"end":{"line":64,"column":9}},"12":{"start":{"line":21,"column":78},"end":{"line":28,"column":14}},"13":{"start":{"line":30,"column":37},"end":{"line":30,"column":86}},"14":{"start":{"line":31,"column":12},"end":{"line":36,"column":13}},"15":{"start":{"line":32,"column":16},"end":{"line":35,"column":18}},"16":{"start":{"line":38,"column":38},"end":{"line":38,"column":40}},"17":{"start":{"line":40,"column":12},"end":{"line":54,"column":13}},"18":{"start":{"line":41,"column":33},"end":{"line":41,"column":54}},"19":{"start":{"line":44,"column":79},"end":{"line":47,"column":18}},"20":{"start":{"line":49,"column":35},"end":{"line":49,"column":77}},"21":{"start":{"line":51,"column":16},"end":{"line":53,"column":17}},"22":{"start":{"line":52,"column":20},"end":{"line":52,"column":53}},"23":{"start":{"line":55,"column":12},"end":{"line":58,"column":14}},"24":{"start":{"line":60,"column":12},"end":{"line":63,"column":14}},"25":{"start":{"line":67,"column":8},"end":{"line":67,"column":39}},"26":{"start":{"line":68,"column":8},"end":{"line":71,"column":10}},"27":{"start":{"line":7,"column":13},"end":{"line":7,"column":23}}},"fnMap":{"0":{"name":"(anonymous_13)","decl":{"start":{"line":7,"column":23},"end":{"line":7,"column":30}},"loc":{"start":{"line":7,"column":44},"end":{"line":73,"column":null}}},"1":{"name":"(anonymous_14)","decl":{"start":{"line":7,"column":44},"end":{"line":7,"column":null}},"loc":{"start":{"line":7,"column":44},"end":{"line":73,"column":1}}}},"branchMap":{"0":{"loc":{"start":{"line":11,"column":25},"end":{"line":11,"column":49}},"type":"cond-expr","locations":[{"start":{"line":11,"column":37},"end":{"line":11,"column":39}},{"start":{"line":11,"column":25},"end":{"line":11,"column":49}}]},"1":{"loc":{"start":{"line":11,"column":25},"end":{"line":11,"column":39}},"type":"binary-expr","locations":[{"start":{"line":11,"column":25},"end":{"line":11,"column":39}},{"start":{"line":11,"column":25},"end":{"line":11,"column":39}}]},"2":{"loc":{"start":{"line":12,"column":8},"end":{"line":17,"column":9}},"type":"if","locations":[{"start":{"line":12,"column":8},"end":{"line":17,"column":9}}]},"3":{"loc":{"start":{"line":19,"column":8},"end":{"line":64,"column":9}},"type":"if","locations":[{"start":{"line":19,"column":8},"end":{"line":64,"column":9}},{"start":{"line":59,"column":14},"end":{"line":64,"column":9}}]},"4":{"loc":{"start":{"line":31,"column":12},"end":{"line":36,"column":13}},"type":"if","locations":[{"start":{"line":31,"column":12},"end":{"line":36,"column":13}}]},"5":{"loc":{"start":{"line":51,"column":16},"end":{"line":53,"column":17}},"type":"if","locations":[{"start":{"line":51,"column":16},"end":{"line":53,"column":17}}]}},"s":{"0":1,"1":1,"2":1,"3":1,"4":1,"5":1,"6":1,"7":1,"8":1,"9":1,"10":0,"11":1,"12":1,"13":1,"14":1,"15":0,"16":1,"17":1,"18":0,"19":0,"20":0,"21":0,"22":0,"23":1,"24":0,"25":0,"26":0,"27":1},"f":{"0":1,"1":1},"b":{"0":[0,1],"1":[1,1],"2":[0],"3":[1,0],"4":[0],"5":[0]}}
,"C:\\Users\\mycom\\Documents\\classting\\woopil_classting\\src\\student\\subscribe.ts": {"path":"C:\\Users\\mycom\\Documents\\classting\\woopil_classting\\src\\student\\subscribe.ts","statementMap":{"0":{"start":{"line":1,"column":0},"end":{"line":1,"column":31}},"1":{"start":{"line":2,"column":0},"end":{"line":2,"column":36}},"2":{"start":{"line":3,"column":0},"end":{"line":3,"column":39}},"3":{"start":{"line":6,"column":17},"end":{"line":6,"column":50}},"4":{"start":{"line":8,"column":23},"end":{"line":73,"column":null}},"5":{"start":{"line":8,"column":44},"end":{"line":73,"column":null}},"6":{"start":{"line":9,"column":4},"end":{"line":72,"column":5}},"7":{"start":{"line":10,"column":22},"end":{"line":10,"column":49}},"8":{"start":{"line":11,"column":34},"end":{"line":11,"column":47}},"9":{"start":{"line":12,"column":25},"end":{"line":12,"column":49}},"10":{"start":{"line":13,"column":8},"end":{"line":18,"column":9}},"11":{"start":{"line":14,"column":12},"end":{"line":17,"column":14}},"12":{"start":{"line":20,"column":8},"end":{"line":64,"column":9}},"13":{"start":{"line":21,"column":25},"end":{"line":21,"column":47}},"14":{"start":{"line":22,"column":31},"end":{"line":22,"column":35}},"15":{"start":{"line":23,"column":12},"end":{"line":28,"column":13}},"16":{"start":{"line":24,"column":16},"end":{"line":27,"column":18}},"17":{"start":{"line":29,"column":78},"end":{"line":37,"column":14}},"18":{"start":{"line":38,"column":40},"end":{"line":38,"column":89}},"19":{"start":{"line":39,"column":12},"end":{"line":56,"column":13}},"20":{"start":{"line":40,"column":16},"end":{"line":43,"column":18}},"21":{"start":{"line":45,"column":34},"end":{"line":45,"column":70}},"22":{"start":{"line":46,"column":73},"end":{"line":49,"column":18}},"23":{"start":{"line":50,"column":16},"end":{"line":50,"column":53}},"24":{"start":{"line":52,"column":16},"end":{"line":55,"column":18}},"25":{"start":{"line":60,"column":12},"end":{"line":63,"column":14}},"26":{"start":{"line":67,"column":8},"end":{"line":67,"column":39}},"27":{"start":{"line":68,"column":8},"end":{"line":71,"column":10}},"28":{"start":{"line":8,"column":13},"end":{"line":8,"column":23}}},"fnMap":{"0":{"name":"(anonymous_13)","decl":{"start":{"line":8,"column":23},"end":{"line":8,"column":30}},"loc":{"start":{"line":8,"column":44},"end":{"line":73,"column":null}}},"1":{"name":"(anonymous_14)","decl":{"start":{"line":8,"column":44},"end":{"line":8,"column":null}},"loc":{"start":{"line":8,"column":44},"end":{"line":73,"column":1}}}},"branchMap":{"0":{"loc":{"start":{"line":12,"column":25},"end":{"line":12,"column":49}},"type":"cond-expr","locations":[{"start":{"line":12,"column":37},"end":{"line":12,"column":39}},{"start":{"line":12,"column":25},"end":{"line":12,"column":49}}]},"1":{"loc":{"start":{"line":12,"column":25},"end":{"line":12,"column":39}},"type":"binary-expr","locations":[{"start":{"line":12,"column":25},"end":{"line":12,"column":39}},{"start":{"line":12,"column":25},"end":{"line":12,"column":39}}]},"2":{"loc":{"start":{"line":13,"column":8},"end":{"line":18,"column":9}},"type":"if","locations":[{"start":{"line":13,"column":8},"end":{"line":18,"column":9}}]},"3":{"loc":{"start":{"line":20,"column":8},"end":{"line":64,"column":9}},"type":"if","locations":[{"start":{"line":20,"column":8},"end":{"line":64,"column":9}},{"start":{"line":59,"column":14},"end":{"line":64,"column":9}}]},"4":{"loc":{"start":{"line":23,"column":12},"end":{"line":28,"column":13}},"type":"if","locations":[{"start":{"line":23,"column":12},"end":{"line":28,"column":13}}]},"5":{"loc":{"start":{"line":39,"column":12},"end":{"line":56,"column":13}},"type":"if","locations":[{"start":{"line":39,"column":12},"end":{"line":56,"column":13}},{"start":{"line":44,"column":18},"end":{"line":56,"column":13}}]},"6":{"loc":{"start":{"line":39,"column":16},"end":{"line":39,"column":81}},"type":"binary-expr","locations":[{"start":{"line":39,"column":16},"end":{"line":39,"column":41}},{"start":{"line":39,"column":45},"end":{"line":39,"column":81}}]}},"s":{"0":1,"1":1,"2":1,"3":1,"4":1,"5":3,"6":3,"7":3,"8":3,"9":3,"10":3,"11":0,"12":3,"13":3,"14":3,"15":3,"16":1,"17":2,"18":2,"19":2,"20":0,"21":2,"22":2,"23":2,"24":2,"25":0,"26":0,"27":0,"28":1},"f":{"0":3,"1":3},"b":{"0":[0,3],"1":[3,3],"2":[0],"3":[3,0],"4":[1],"5":[0,2],"6":[2,2]}}
,"C:\\Users\\mycom\\Documents\\classting\\woopil_classting\\src\\student\\unSubscribe.ts": {"path":"C:\\Users\\mycom\\Documents\\classting\\woopil_classting\\src\\student\\unSubscribe.ts","statementMap":{"0":{"start":{"line":1,"column":0},"end":{"line":1,"column":31}},"1":{"start":{"line":2,"column":0},"end":{"line":2,"column":36}},"2":{"start":{"line":6,"column":17},"end":{"line":6,"column":50}},"3":{"start":{"line":8,"column":23},"end":{"line":84,"column":null}},"4":{"start":{"line":8,"column":44},"end":{"line":84,"column":null}},"5":{"start":{"line":9,"column":4},"end":{"line":83,"column":5}},"6":{"start":{"line":10,"column":22},"end":{"line":10,"column":49}},"7":{"start":{"line":11,"column":34},"end":{"line":11,"column":47}},"8":{"start":{"line":12,"column":25},"end":{"line":12,"column":49}},"9":{"start":{"line":13,"column":8},"end":{"line":18,"column":9}},"10":{"start":{"line":14,"column":12},"end":{"line":17,"column":14}},"11":{"start":{"line":20,"column":8},"end":{"line":76,"column":9}},"12":{"start":{"line":21,"column":25},"end":{"line":21,"column":47}},"13":{"start":{"line":22,"column":31},"end":{"line":22,"column":35}},"14":{"start":{"line":23,"column":12},"end":{"line":28,"column":13}},"15":{"start":{"line":24,"column":16},"end":{"line":27,"column":18}},"16":{"start":{"line":30,"column":78},"end":{"line":38,"column":14}},"17":{"start":{"line":40,"column":40},"end":{"line":40,"column":89}},"18":{"start":{"line":43,"column":12},"end":{"line":70,"column":13}},"19":{"start":{"line":44,"column":37},"end":{"line":44,"column":81}},"20":{"start":{"line":46,"column":82},"end":{"line":57,"column":18}},"21":{"start":{"line":59,"column":16},"end":{"line":59,"column":62}},"22":{"start":{"line":61,"column":16},"end":{"line":64,"column":18}},"23":{"start":{"line":66,"column":16},"end":{"line":69,"column":18}},"24":{"start":{"line":72,"column":12},"end":{"line":75,"column":14}},"25":{"start":{"line":78,"column":8},"end":{"line":78,"column":39}},"26":{"start":{"line":79,"column":8},"end":{"line":82,"column":10}},"27":{"start":{"line":8,"column":13},"end":{"line":8,"column":23}}},"fnMap":{"0":{"name":"(anonymous_13)","decl":{"start":{"line":8,"column":23},"end":{"line":8,"column":30}},"loc":{"start":{"line":8,"column":44},"end":{"line":84,"column":null}}},"1":{"name":"(anonymous_14)","decl":{"start":{"line":8,"column":44},"end":{"line":8,"column":null}},"loc":{"start":{"line":8,"column":44},"end":{"line":84,"column":1}}}},"branchMap":{"0":{"loc":{"start":{"line":12,"column":25},"end":{"line":12,"column":49}},"type":"cond-expr","locations":[{"start":{"line":12,"column":37},"end":{"line":12,"column":39}},{"start":{"line":12,"column":25},"end":{"line":12,"column":49}}]},"1":{"loc":{"start":{"line":12,"column":25},"end":{"line":12,"column":39}},"type":"binary-expr","locations":[{"start":{"line":12,"column":25},"end":{"line":12,"column":39}},{"start":{"line":12,"column":25},"end":{"line":12,"column":39}}]},"2":{"loc":{"start":{"line":13,"column":8},"end":{"line":18,"column":9}},"type":"if","locations":[{"start":{"line":13,"column":8},"end":{"line":18,"column":9}}]},"3":{"loc":{"start":{"line":20,"column":8},"end":{"line":76,"column":9}},"type":"if","locations":[{"start":{"line":20,"column":8},"end":{"line":76,"column":9}},{"start":{"line":71,"column":15},"end":{"line":76,"column":9}}]},"4":{"loc":{"start":{"line":23,"column":12},"end":{"line":28,"column":13}},"type":"if","locations":[{"start":{"line":23,"column":12},"end":{"line":28,"column":13}}]},"5":{"loc":{"start":{"line":43,"column":12},"end":{"line":70,"column":13}},"type":"if","locations":[{"start":{"line":43,"column":12},"end":{"line":70,"column":13}},{"start":{"line":65,"column":19},"end":{"line":70,"column":13}}]},"6":{"loc":{"start":{"line":43,"column":16},"end":{"line":43,"column":81}},"type":"binary-expr","locations":[{"start":{"line":43,"column":16},"end":{"line":43,"column":41}},{"start":{"line":43,"column":45},"end":{"line":43,"column":81}}]}},"s":{"0":1,"1":1,"2":1,"3":1,"4":2,"5":2,"6":2,"7":2,"8":2,"9":2,"10":0,"11":2,"12":2,"13":2,"14":2,"15":1,"16":1,"17":1,"18":1,"19":0,"20":0,"21":0,"22":0,"23":1,"24":0,"25":0,"26":0,"27":1},"f":{"0":2,"1":2},"b":{"0":[0,2],"1":[2,2],"2":[0],"3":[2,0],"4":[1],"5":[0,1],"6":[1,1]}}
,"C:\\Users\\mycom\\Documents\\classting\\woopil_classting\\src\\user\\login.ts": {"path":"C:\\Users\\mycom\\Documents\\classting\\woopil_classting\\src\\user\\login.ts","statementMap":{"0":{"start":{"line":1,"column":0},"end":{"line":1,"column":68}},"1":{"start":{"line":3,"column":17},"end":{"line":6,"column":2}},"2":{"start":{"line":8,"column":17},"end":{"line":8,"column":68}},"3":{"start":{"line":10,"column":23},"end":{"line":52,"column":2}},"4":{"start":{"line":10,"column":44},"end":{"line":52,"column":2}},"5":{"start":{"line":11,"column":4},"end":{"line":51,"column":5}},"6":{"start":{"line":12,"column":39},"end":{"line":12,"column":61}},"7":{"start":{"line":14,"column":35},"end":{"line":17,"column":10}},"8":{"start":{"line":19,"column":38},"end":{"line":19,"column":105}},"9":{"start":{"line":21,"column":25},"end":{"line":24,"column":10}},"10":{"start":{"line":26,"column":28},"end":{"line":26,"column":75}},"11":{"start":{"line":28,"column":23},"end":{"line":38,"column":10}},"12":{"start":{"line":29,"column":12},"end":{"line":37,"column":15}},"13":{"start":{"line":31,"column":20},"end":{"line":31,"column":37}},"14":{"start":{"line":34,"column":20},"end":{"line":34,"column":71}},"15":{"start":{"line":35,"column":20},"end":{"line":35,"column":32}},"16":{"start":{"line":40,"column":8},"end":{"line":43,"column":10}},"17":{"start":{"line":45,"column":8},"end":{"line":45,"column":61}},"18":{"start":{"line":47,"column":8},"end":{"line":50,"column":10}},"19":{"start":{"line":10,"column":13},"end":{"line":10,"column":23}}},"fnMap":{"0":{"name":"(anonymous_13)","decl":{"start":{"line":10,"column":23},"end":{"line":10,"column":30}},"loc":{"start":{"line":10,"column":44},"end":{"line":52,"column":2}}},"1":{"name":"(anonymous_14)","decl":{"start":{"line":10,"column":44},"end":{"line":10,"column":null}},"loc":{"start":{"line":10,"column":44},"end":{"line":52,"column":1}}},"2":{"name":"(anonymous_15)","decl":{"start":{"line":28,"column":41},"end":{"line":28,"column":42}},"loc":{"start":{"line":28,"column":61},"end":{"line":38,"column":9}}},"3":{"name":"(anonymous_16)","decl":{"start":{"line":30,"column":27},"end":{"line":30,"column":28}},"loc":{"start":{"line":30,"column":39},"end":{"line":32,"column":17}}},"4":{"name":"(anonymous_17)","decl":{"start":{"line":33,"column":27},"end":{"line":33,"column":28}},"loc":{"start":{"line":33,"column":35},"end":{"line":36,"column":17}}}},"branchMap":{},"s":{"0":1,"1":1,"2":1,"3":1,"4":2,"5":2,"6":2,"7":2,"8":2,"9":2,"10":2,"11":2,"12":2,"13":1,"14":1,"15":1,"16":1,"17":1,"18":1,"19":1},"f":{"0":2,"1":2,"2":2,"3":1,"4":1},"b":{}}
,"C:\\Users\\mycom\\Documents\\classting\\woopil_classting\\src\\user\\signup.ts": {"path":"C:\\Users\\mycom\\Documents\\classting\\woopil_classting\\src\\user\\signup.ts","statementMap":{"0":{"start":{"line":1,"column":0},"end":{"line":1,"column":68}},"1":{"start":{"line":3,"column":17},"end":{"line":6,"column":2}},"2":{"start":{"line":8,"column":17},"end":{"line":8,"column":68}},"3":{"start":{"line":10,"column":23},"end":{"line":74,"column":2}},"4":{"start":{"line":10,"column":44},"end":{"line":74,"column":2}},"5":{"start":{"line":11,"column":4},"end":{"line":73,"column":5}},"6":{"start":{"line":12,"column":45},"end":{"line":12,"column":67}},"7":{"start":{"line":15,"column":8},"end":{"line":20,"column":9}},"8":{"start":{"line":16,"column":12},"end":{"line":19,"column":14}},"9":{"start":{"line":22,"column":76},"end":{"line":22,"column":78}},"10":{"start":{"line":23,"column":26},"end":{"line":26,"column":10}},"11":{"start":{"line":27,"column":30},"end":{"line":30,"column":10}},"12":{"start":{"line":32,"column":31},"end":{"line":32,"column":88}},"13":{"start":{"line":33,"column":35},"end":{"line":33,"column":96}},"14":{"start":{"line":34,"column":8},"end":{"line":34,"column":43}},"15":{"start":{"line":35,"column":8},"end":{"line":35,"column":47}},"16":{"start":{"line":37,"column":84},"end":{"line":42,"column":10}},"17":{"start":{"line":45,"column":23},"end":{"line":60,"column":10}},"18":{"start":{"line":46,"column":12},"end":{"line":59,"column":15}},"19":{"start":{"line":47,"column":16},"end":{"line":58,"column":17}},"20":{"start":{"line":48,"column":20},"end":{"line":48,"column":66}},"21":{"start":{"line":49,"column":20},"end":{"line":49,"column":32}},"22":{"start":{"line":51,"column":40},"end":{"line":51,"column":52}},"23":{"start":{"line":52,"column":20},"end":{"line":57,"column":21}},"24":{"start":{"line":53,"column":24},"end":{"line":53,"column":83}},"25":{"start":{"line":54,"column":24},"end":{"line":54,"column":40}},"26":{"start":{"line":56,"column":24},"end":{"line":56,"column":71}},"27":{"start":{"line":62,"column":8},"end":{"line":65,"column":10}},"28":{"start":{"line":67,"column":8},"end":{"line":67,"column":56}},"29":{"start":{"line":69,"column":8},"end":{"line":72,"column":10}},"30":{"start":{"line":10,"column":13},"end":{"line":10,"column":23}}},"fnMap":{"0":{"name":"(anonymous_13)","decl":{"start":{"line":10,"column":23},"end":{"line":10,"column":30}},"loc":{"start":{"line":10,"column":44},"end":{"line":74,"column":2}}},"1":{"name":"(anonymous_14)","decl":{"start":{"line":10,"column":44},"end":{"line":10,"column":null}},"loc":{"start":{"line":10,"column":44},"end":{"line":74,"column":1}}},"2":{"name":"(anonymous_15)","decl":{"start":{"line":45,"column":41},"end":{"line":45,"column":42}},"loc":{"start":{"line":45,"column":61},"end":{"line":60,"column":9}}},"3":{"name":"(anonymous_16)","decl":{"start":{"line":46,"column":79},"end":{"line":46,"column":80}},"loc":{"start":{"line":46,"column":95},"end":{"line":59,"column":13}}}},"branchMap":{"0":{"loc":{"start":{"line":15,"column":8},"end":{"line":20,"column":9}},"type":"if","locations":[{"start":{"line":15,"column":8},"end":{"line":20,"column":9}}]},"1":{"loc":{"start":{"line":47,"column":16},"end":{"line":58,"column":17}},"type":"if","locations":[{"start":{"line":47,"column":16},"end":{"line":58,"column":17}},{"start":{"line":50,"column":23},"end":{"line":58,"column":17}}]},"2":{"loc":{"start":{"line":51,"column":40},"end":{"line":51,"column":52}},"type":"cond-expr","locations":[{"start":{"line":51,"column":46},"end":{"line":51,"column":48}},{"start":{"line":51,"column":40},"end":{"line":51,"column":52}}]},"3":{"loc":{"start":{"line":51,"column":40},"end":{"line":51,"column":48}},"type":"binary-expr","locations":[{"start":{"line":51,"column":40},"end":{"line":51,"column":48}},{"start":{"line":51,"column":40},"end":{"line":51,"column":48}}]},"4":{"loc":{"start":{"line":52,"column":20},"end":{"line":57,"column":21}},"type":"if","locations":[{"start":{"line":52,"column":20},"end":{"line":57,"column":21}},{"start":{"line":55,"column":27},"end":{"line":57,"column":21}}]}},"s":{"0":1,"1":1,"2":1,"3":1,"4":3,"5":3,"6":3,"7":3,"8":1,"9":2,"10":2,"11":2,"12":2,"13":2,"14":2,"15":2,"16":2,"17":2,"18":2,"19":2,"20":1,"21":1,"22":1,"23":1,"24":1,"25":1,"26":0,"27":1,"28":1,"29":1,"30":1},"f":{"0":3,"1":3,"2":2,"3":2},"b":{"0":[1],"1":[1,1],"2":[0,1],"3":[1,1],"4":[1,0]}}
}
