{"C:\\Users\\mycom\\Documents\\classting\\woopil_classting\\src\\admin\\postSchool.ts": {"path":"C:\\Users\\mycom\\Documents\\classting\\woopil_classting\\src\\admin\\postSchool.ts","statementMap":{"0":{"start":{"line":1,"column":0},"end":{"line":1,"column":31}},"1":{"start":{"line":2,"column":0},"end":{"line":2,"column":26}},"2":{"start":{"line":3,"column":0},"end":{"line":3,"column":38}},"3":{"start":{"line":6,"column":17},"end":{"line":6,"column":50}},"4":{"start":{"line":8,"column":23},"end":{"line":63,"column":null}},"5":{"start":{"line":8,"column":44},"end":{"line":63,"column":null}},"6":{"start":{"line":9,"column":4},"end":{"line":62,"column":5}},"7":{"start":{"line":10,"column":22},"end":{"line":10,"column":49}},"8":{"start":{"line":12,"column":8},"end":{"line":17,"column":9}},"9":{"start":{"line":13,"column":12},"end":{"line":16,"column":14}},"10":{"start":{"line":18,"column":34},"end":{"line":18,"column":47}},"11":{"start":{"line":19,"column":23},"end":{"line":19,"column":53}},"12":{"start":{"line":20,"column":8},"end":{"line":53,"column":9}},"13":{"start":{"line":21,"column":25},"end":{"line":21,"column":47}},"14":{"start":{"line":23,"column":35},"end":{"line":23,"column":39}},"15":{"start":{"line":25,"column":12},"end":{"line":30,"column":13}},"16":{"start":{"line":26,"column":16},"end":{"line":29,"column":18}},"17":{"start":{"line":31,"column":69},"end":{"line":40,"column":14}},"18":{"start":{"line":42,"column":12},"end":{"line":42,"column":49}},"19":{"start":{"line":44,"column":12},"end":{"line":47,"column":14}},"20":{"start":{"line":49,"column":12},"end":{"line":52,"column":14}},"21":{"start":{"line":57,"column":8},"end":{"line":57,"column":39}},"22":{"start":{"line":58,"column":8},"end":{"line":61,"column":10}},"23":{"start":{"line":8,"column":13},"end":{"line":8,"column":23}}},"fnMap":{"0":{"name":"(anonymous_13)","decl":{"start":{"line":8,"column":23},"end":{"line":8,"column":30}},"loc":{"start":{"line":8,"column":44},"end":{"line":63,"column":null}}},"1":{"name":"(anonymous_14)","decl":{"start":{"line":8,"column":44},"end":{"line":8,"column":null}},"loc":{"start":{"line":8,"column":44},"end":{"line":63,"column":1}}}},"branchMap":{"0":{"loc":{"start":{"line":12,"column":8},"end":{"line":17,"column":9}},"type":"if","locations":[{"start":{"line":12,"column":8},"end":{"line":17,"column":9}}]},"1":{"loc":{"start":{"line":20,"column":8},"end":{"line":53,"column":9}},"type":"if","locations":[{"start":{"line":20,"column":8},"end":{"line":53,"column":9}},{"start":{"line":48,"column":15},"end":{"line":53,"column":9}}]},"2":{"loc":{"start":{"line":20,"column":12},"end":{"line":20,"column":46}},"type":"binary-expr","locations":[{"start":{"line":20,"column":12},"end":{"line":20,"column":18}},{"start":{"line":20,"column":22},"end":{"line":20,"column":46}}]},"3":{"loc":{"start":{"line":25,"column":12},"end":{"line":30,"column":13}},"type":"if","locations":[{"start":{"line":25,"column":12},"end":{"line":30,"column":13}}]},"4":{"loc":{"start":{"line":25,"column":16},"end":{"line":25,"column":32}},"type":"binary-expr","locations":[{"start":{"line":25,"column":16},"end":{"line":25,"column":21}},{"start":{"line":25,"column":25},"end":{"line":25,"column":32}}]}},"s":{"0":1,"1":1,"2":1,"3":1,"4":1,"5":4,"6":4,"7":4,"8":4,"9":1,"10":3,"11":3,"12":3,"13":2,"14":2,"15":2,"16":1,"17":1,"18":1,"19":1,"20":1,"21":0,"22":0,"23":1},"f":{"0":4,"1":4},"b":{"0":[1],"1":[2,1],"2":[3,2],"3":[1],"4":[2,1]}}
,"C:\\Users\\mycom\\Documents\\classting\\woopil_classting\\src\\user\\login.ts": {"path":"C:\\Users\\mycom\\Documents\\classting\\woopil_classting\\src\\user\\login.ts","statementMap":{"0":{"start":{"line":1,"column":0},"end":{"line":1,"column":68}},"1":{"start":{"line":3,"column":17},"end":{"line":6,"column":2}},"2":{"start":{"line":8,"column":17},"end":{"line":8,"column":68}},"3":{"start":{"line":10,"column":23},"end":{"line":52,"column":2}},"4":{"start":{"line":10,"column":44},"end":{"line":52,"column":2}},"5":{"start":{"line":11,"column":4},"end":{"line":51,"column":5}},"6":{"start":{"line":12,"column":39},"end":{"line":12,"column":61}},"7":{"start":{"line":14,"column":35},"end":{"line":17,"column":10}},"8":{"start":{"line":19,"column":38},"end":{"line":19,"column":105}},"9":{"start":{"line":21,"column":25},"end":{"line":24,"column":10}},"10":{"start":{"line":26,"column":28},"end":{"line":26,"column":75}},"11":{"start":{"line":28,"column":23},"end":{"line":38,"column":10}},"12":{"start":{"line":29,"column":12},"end":{"line":37,"column":15}},"13":{"start":{"line":31,"column":20},"end":{"line":31,"column":37}},"14":{"start":{"line":34,"column":20},"end":{"line":34,"column":71}},"15":{"start":{"line":35,"column":20},"end":{"line":35,"column":32}},"16":{"start":{"line":40,"column":8},"end":{"line":43,"column":10}},"17":{"start":{"line":45,"column":8},"end":{"line":45,"column":61}},"18":{"start":{"line":47,"column":8},"end":{"line":50,"column":10}},"19":{"start":{"line":10,"column":13},"end":{"line":10,"column":23}}},"fnMap":{"0":{"name":"(anonymous_13)","decl":{"start":{"line":10,"column":23},"end":{"line":10,"column":30}},"loc":{"start":{"line":10,"column":44},"end":{"line":52,"column":2}}},"1":{"name":"(anonymous_14)","decl":{"start":{"line":10,"column":44},"end":{"line":10,"column":null}},"loc":{"start":{"line":10,"column":44},"end":{"line":52,"column":1}}},"2":{"name":"(anonymous_15)","decl":{"start":{"line":28,"column":41},"end":{"line":28,"column":42}},"loc":{"start":{"line":28,"column":61},"end":{"line":38,"column":9}}},"3":{"name":"(anonymous_16)","decl":{"start":{"line":30,"column":27},"end":{"line":30,"column":28}},"loc":{"start":{"line":30,"column":39},"end":{"line":32,"column":17}}},"4":{"name":"(anonymous_17)","decl":{"start":{"line":33,"column":27},"end":{"line":33,"column":28}},"loc":{"start":{"line":33,"column":35},"end":{"line":36,"column":17}}}},"branchMap":{},"s":{"0":1,"1":1,"2":1,"3":1,"4":2,"5":2,"6":2,"7":2,"8":2,"9":2,"10":2,"11":2,"12":2,"13":1,"14":1,"15":1,"16":1,"17":1,"18":1,"19":1},"f":{"0":2,"1":2,"2":2,"3":1,"4":1},"b":{}}
,"C:\\Users\\mycom\\Documents\\classting\\woopil_classting\\src\\user\\signup.ts": {"path":"C:\\Users\\mycom\\Documents\\classting\\woopil_classting\\src\\user\\signup.ts","statementMap":{"0":{"start":{"line":1,"column":0},"end":{"line":1,"column":68}},"1":{"start":{"line":3,"column":17},"end":{"line":6,"column":2}},"2":{"start":{"line":8,"column":17},"end":{"line":8,"column":68}},"3":{"start":{"line":10,"column":23},"end":{"line":75,"column":2}},"4":{"start":{"line":10,"column":44},"end":{"line":75,"column":2}},"5":{"start":{"line":11,"column":4},"end":{"line":74,"column":5}},"6":{"start":{"line":12,"column":45},"end":{"line":12,"column":67}},"7":{"start":{"line":15,"column":8},"end":{"line":20,"column":9}},"8":{"start":{"line":16,"column":12},"end":{"line":19,"column":14}},"9":{"start":{"line":22,"column":76},"end":{"line":22,"column":78}},"10":{"start":{"line":23,"column":26},"end":{"line":26,"column":10}},"11":{"start":{"line":27,"column":30},"end":{"line":30,"column":10}},"12":{"start":{"line":32,"column":31},"end":{"line":32,"column":88}},"13":{"start":{"line":33,"column":35},"end":{"line":33,"column":96}},"14":{"start":{"line":35,"column":8},"end":{"line":35,"column":43}},"15":{"start":{"line":36,"column":8},"end":{"line":36,"column":47}},"16":{"start":{"line":38,"column":84},"end":{"line":43,"column":10}},"17":{"start":{"line":46,"column":23},"end":{"line":61,"column":10}},"18":{"start":{"line":47,"column":12},"end":{"line":60,"column":15}},"19":{"start":{"line":48,"column":16},"end":{"line":59,"column":17}},"20":{"start":{"line":49,"column":20},"end":{"line":49,"column":66}},"21":{"start":{"line":50,"column":20},"end":{"line":50,"column":32}},"22":{"start":{"line":52,"column":40},"end":{"line":52,"column":52}},"23":{"start":{"line":53,"column":20},"end":{"line":58,"column":21}},"24":{"start":{"line":54,"column":24},"end":{"line":54,"column":83}},"25":{"start":{"line":55,"column":24},"end":{"line":55,"column":40}},"26":{"start":{"line":57,"column":24},"end":{"line":57,"column":71}},"27":{"start":{"line":63,"column":8},"end":{"line":66,"column":10}},"28":{"start":{"line":68,"column":8},"end":{"line":68,"column":56}},"29":{"start":{"line":70,"column":8},"end":{"line":73,"column":10}},"30":{"start":{"line":10,"column":13},"end":{"line":10,"column":23}}},"fnMap":{"0":{"name":"(anonymous_13)","decl":{"start":{"line":10,"column":23},"end":{"line":10,"column":30}},"loc":{"start":{"line":10,"column":44},"end":{"line":75,"column":2}}},"1":{"name":"(anonymous_14)","decl":{"start":{"line":10,"column":44},"end":{"line":10,"column":null}},"loc":{"start":{"line":10,"column":44},"end":{"line":75,"column":1}}},"2":{"name":"(anonymous_15)","decl":{"start":{"line":46,"column":41},"end":{"line":46,"column":42}},"loc":{"start":{"line":46,"column":61},"end":{"line":61,"column":9}}},"3":{"name":"(anonymous_16)","decl":{"start":{"line":47,"column":79},"end":{"line":47,"column":80}},"loc":{"start":{"line":47,"column":95},"end":{"line":60,"column":13}}}},"branchMap":{"0":{"loc":{"start":{"line":15,"column":8},"end":{"line":20,"column":9}},"type":"if","locations":[{"start":{"line":15,"column":8},"end":{"line":20,"column":9}}]},"1":{"loc":{"start":{"line":48,"column":16},"end":{"line":59,"column":17}},"type":"if","locations":[{"start":{"line":48,"column":16},"end":{"line":59,"column":17}},{"start":{"line":51,"column":23},"end":{"line":59,"column":17}}]},"2":{"loc":{"start":{"line":52,"column":40},"end":{"line":52,"column":52}},"type":"cond-expr","locations":[{"start":{"line":52,"column":46},"end":{"line":52,"column":48}},{"start":{"line":52,"column":40},"end":{"line":52,"column":52}}]},"3":{"loc":{"start":{"line":52,"column":40},"end":{"line":52,"column":48}},"type":"binary-expr","locations":[{"start":{"line":52,"column":40},"end":{"line":52,"column":48}},{"start":{"line":52,"column":40},"end":{"line":52,"column":48}}]},"4":{"loc":{"start":{"line":53,"column":20},"end":{"line":58,"column":21}},"type":"if","locations":[{"start":{"line":53,"column":20},"end":{"line":58,"column":21}},{"start":{"line":56,"column":27},"end":{"line":58,"column":21}}]}},"s":{"0":1,"1":1,"2":1,"3":1,"4":3,"5":3,"6":3,"7":3,"8":1,"9":2,"10":2,"11":2,"12":2,"13":2,"14":2,"15":2,"16":2,"17":2,"18":2,"19":2,"20":1,"21":1,"22":1,"23":1,"24":1,"25":1,"26":0,"27":1,"28":1,"29":1,"30":1},"f":{"0":3,"1":3,"2":2,"3":2},"b":{"0":[1],"1":[1,1],"2":[0,1],"3":[1,1],"4":[1,0]}}
}
