TN:
SF:src\admin\deleteNews.ts
FN:6,(anonymous_13)
FN:6,(anonymous_14)
FNF:2
FNH:2
FNDA:2,(anonymous_13)
FNDA:2,(anonymous_14)
DA:1,1
DA:2,1
DA:4,1
DA:6,2
DA:7,2
DA:8,2
DA:10,2
DA:11,0
DA:16,2
DA:17,2
DA:18,2
DA:19,2
DA:21,2
DA:23,2
DA:24,0
DA:31,2
DA:36,2
DA:39,2
DA:40,2
DA:46,0
DA:61,0
DA:64,0
DA:69,0
DA:77,0
DA:78,0
LF:25
LH:17
BRDA:10,0,0,0
BRDA:18,1,0,2
BRDA:18,1,1,0
BRDA:18,2,0,2
BRDA:18,2,1,2
BRDA:23,3,0,0
BRDA:39,4,0,2
BRF:7
BRH:4
end_of_record
TN:
SF:src\admin\patchNews.ts
FN:7,(anonymous_13)
FN:7,(anonymous_14)
FNF:2
FNH:2
FNDA:2,(anonymous_13)
FNDA:2,(anonymous_14)
DA:1,1
DA:2,1
DA:5,1
DA:7,2
DA:8,2
DA:9,2
DA:11,2
DA:12,0
DA:17,2
DA:18,2
DA:19,2
DA:20,2
DA:22,2
DA:24,2
DA:25,0
DA:32,2
DA:37,2
DA:40,2
DA:41,2
DA:47,0
DA:63,0
DA:66,0
DA:71,0
DA:79,0
DA:80,0
LF:25
LH:17
BRDA:11,0,0,0
BRDA:19,1,0,2
BRDA:19,1,1,0
BRDA:19,2,0,2
BRDA:19,2,1,2
BRDA:24,3,0,0
BRDA:24,4,0,2
BRDA:24,4,1,2
BRDA:24,4,2,2
BRDA:40,5,0,2
BRDA:57,6,0,0
BRDA:57,6,1,0
BRDA:58,7,0,0
BRDA:58,7,1,0
BRF:14
BRH:7
end_of_record
TN:
SF:src\admin\postNews.ts
FN:8,(anonymous_13)
FN:8,(anonymous_14)
FNF:2
FNH:2
FNDA:1,(anonymous_13)
FNDA:1,(anonymous_14)
DA:1,1
DA:2,1
DA:3,1
DA:6,1
DA:8,1
DA:9,1
DA:10,1
DA:12,1
DA:13,0
DA:18,1
DA:19,1
DA:20,1
DA:21,1
DA:23,1
DA:25,1
DA:26,0
DA:32,1
DA:33,1
DA:38,1
DA:41,1
DA:49,1
DA:51,1
DA:52,0
DA:53,0
DA:57,0
DA:60,1
DA:65,0
DA:73,0
DA:74,0
LF:29
LH:21
BRDA:12,0,0,0
BRDA:20,1,0,1
BRDA:20,1,1,0
BRDA:20,2,0,1
BRDA:20,2,1,1
BRDA:25,3,0,0
BRDA:25,4,0,1
BRDA:25,4,1,1
BRDA:25,4,2,1
BRF:9
BRH:6
end_of_record
TN:
SF:src\admin\postSchool.ts
FN:8,(anonymous_13)
FN:8,(anonymous_14)
FNF:2
FNH:2
FNDA:4,(anonymous_13)
FNDA:4,(anonymous_14)
DA:1,1
DA:2,1
DA:3,1
DA:6,1
DA:8,4
DA:9,4
DA:10,4
DA:12,4
DA:13,1
DA:18,3
DA:19,3
DA:20,3
DA:21,2
DA:23,2
DA:25,2
DA:26,1
DA:31,1
DA:36,1
DA:38,1
DA:43,1
DA:51,0
DA:52,0
LF:22
LH:20
BRDA:12,0,0,1
BRDA:20,1,0,2
BRDA:20,1,1,1
BRDA:20,2,0,3
BRDA:20,2,1,2
BRDA:25,3,0,1
BRDA:25,4,0,2
BRDA:25,4,1,1
BRF:8
BRH:8
end_of_record
TN:
SF:src\entity\index.ts
FNF:0
FNH:0
DA:1,3
DA:2,3
DA:3,3
DA:4,3
LF:4
LH:4
BRF:0
BRH:0
end_of_record
TN:
SF:src\entity\news.ts
FN:13,(anonymous_0)
FNF:1
FNH:1
FNDA:1,(anonymous_0)
DA:1,3
DA:3,3
DA:14,1
DA:15,1
DA:16,1
DA:17,1
DA:18,1
DA:19,1
DA:20,1
LF:9
LH:9
BRF:0
BRH:0
end_of_record
TN:
SF:src\entity\newsFeed.ts
FN:10,(anonymous_0)
FNF:1
FNH:0
FNDA:0,(anonymous_0)
DA:1,3
DA:3,3
DA:11,0
DA:12,0
DA:13,0
DA:14,0
LF:6
LH:2
BRF:0
BRH:0
end_of_record
TN:
SF:src\entity\school.ts
FN:10,(anonymous_0)
FNF:1
FNH:1
FNDA:1,(anonymous_0)
DA:1,3
DA:3,3
DA:11,1
DA:12,1
DA:13,1
DA:14,1
DA:15,1
LF:7
LH:7
BRF:0
BRH:0
end_of_record
TN:
SF:src\entity\subscription.ts
FN:11,(anonymous_0)
FNF:1
FNH:1
FNDA:2,(anonymous_0)
DA:1,3
DA:3,3
DA:12,2
DA:13,2
DA:14,2
DA:15,2
DA:16,2
LF:7
LH:7
BRF:0
BRH:0
end_of_record
TN:
SF:src\student\getAllSchool.ts
FN:7,(anonymous_13)
FN:7,(anonymous_14)
FNF:2
FNH:2
FNDA:1,(anonymous_13)
FNDA:1,(anonymous_14)
DA:1,1
DA:2,1
DA:5,1
DA:7,1
DA:8,1
DA:9,1
DA:10,1
DA:11,1
DA:12,1
DA:13,0
DA:19,1
DA:20,0
DA:24,0
DA:26,0
DA:31,1
DA:38,0
DA:39,0
LF:17
LH:11
BRDA:11,0,0,0
BRDA:11,0,1,1
BRDA:11,1,0,1
BRDA:11,1,1,1
BRDA:12,2,0,0
BRDA:19,3,0,0
BRDA:19,3,1,1
BRF:7
BRH:4
end_of_record
TN:
SF:src\student\getSubscribeSchool.ts
FN:7,(anonymous_13)
FN:7,(anonymous_14)
FNF:2
FNH:2
FNDA:1,(anonymous_13)
FNDA:1,(anonymous_14)
DA:1,1
DA:2,1
DA:5,1
DA:7,1
DA:8,1
DA:9,1
DA:10,1
DA:11,1
DA:12,1
DA:13,0
DA:19,1
DA:21,1
DA:30,1
DA:31,1
DA:32,0
DA:38,1
DA:40,1
DA:41,0
DA:44,0
DA:49,0
DA:51,0
DA:52,0
DA:55,1
DA:60,0
DA:67,0
DA:68,0
LF:26
LH:16
BRDA:11,0,0,0
BRDA:11,0,1,1
BRDA:11,1,0,1
BRDA:11,1,1,1
BRDA:12,2,0,0
BRDA:19,3,0,1
BRDA:19,3,1,0
BRDA:31,4,0,0
BRDA:51,5,0,0
BRF:9
BRH:4
end_of_record
TN:
SF:src\student\subscribe.ts
FN:8,(anonymous_13)
FN:8,(anonymous_14)
FNF:2
FNH:2
FNDA:3,(anonymous_13)
FNDA:3,(anonymous_14)
DA:1,1
DA:2,1
DA:3,1
DA:6,1
DA:8,3
DA:9,3
DA:10,3
DA:11,3
DA:12,3
DA:13,3
DA:14,0
DA:20,3
DA:21,3
DA:22,3
DA:23,3
DA:24,1
DA:29,2
DA:38,2
DA:39,2
DA:40,0
DA:45,2
DA:46,2
DA:50,2
DA:52,2
DA:60,0
DA:67,0
DA:68,0
LF:27
LH:22
BRDA:12,0,0,0
BRDA:12,0,1,3
BRDA:12,1,0,3
BRDA:12,1,1,3
BRDA:13,2,0,0
BRDA:20,3,0,3
BRDA:20,3,1,0
BRDA:23,4,0,1
BRDA:39,5,0,0
BRDA:39,5,1,2
BRDA:39,6,0,2
BRDA:39,6,1,2
BRF:12
BRH:8
end_of_record
TN:
SF:src\student\unSubscribe.ts
FN:8,(anonymous_13)
FN:8,(anonymous_14)
FNF:2
FNH:2
FNDA:2,(anonymous_13)
FNDA:2,(anonymous_14)
DA:1,1
DA:2,1
DA:6,1
DA:8,2
DA:9,2
DA:10,2
DA:11,2
DA:12,2
DA:13,2
DA:14,0
DA:20,2
DA:21,2
DA:22,2
DA:23,2
DA:24,1
DA:30,1
DA:40,1
DA:43,1
DA:44,0
DA:46,0
DA:59,0
DA:61,0
DA:66,1
DA:72,0
DA:78,0
DA:79,0
LF:26
LH:18
BRDA:12,0,0,0
BRDA:12,0,1,2
BRDA:12,1,0,2
BRDA:12,1,1,2
BRDA:13,2,0,0
BRDA:20,3,0,2
BRDA:20,3,1,0
BRDA:23,4,0,1
BRDA:43,5,0,0
BRDA:43,5,1,1
BRDA:43,6,0,1
BRDA:43,6,1,1
BRF:12
BRH:8
end_of_record
TN:
SF:src\user\login.ts
FN:10,(anonymous_13)
FN:10,(anonymous_14)
FN:28,(anonymous_15)
FN:30,(anonymous_16)
FN:33,(anonymous_17)
FNF:5
FNH:5
FNDA:2,(anonymous_13)
FNDA:2,(anonymous_14)
FNDA:2,(anonymous_15)
FNDA:1,(anonymous_16)
FNDA:1,(anonymous_17)
DA:1,1
DA:3,1
DA:8,1
DA:10,2
DA:11,2
DA:12,2
DA:14,2
DA:19,2
DA:21,2
DA:26,2
DA:28,2
DA:29,2
DA:31,1
DA:34,1
DA:35,1
DA:40,1
DA:45,1
DA:47,1
LF:18
LH:18
BRF:0
BRH:0
end_of_record
TN:
SF:src\user\signup.ts
FN:10,(anonymous_13)
FN:10,(anonymous_14)
FN:45,(anonymous_15)
FN:46,(anonymous_16)
FNF:4
FNH:4
FNDA:3,(anonymous_13)
FNDA:3,(anonymous_14)
FNDA:2,(anonymous_15)
FNDA:2,(anonymous_16)
DA:1,1
DA:3,1
DA:8,1
DA:10,3
DA:11,3
DA:12,3
DA:15,3
DA:16,1
DA:22,2
DA:23,2
DA:27,2
DA:32,2
DA:33,2
DA:34,2
DA:35,2
DA:37,2
DA:45,2
DA:46,2
DA:47,2
DA:48,1
DA:49,1
DA:51,1
DA:52,1
DA:53,1
DA:54,1
DA:56,0
DA:62,1
DA:67,1
DA:69,1
LF:29
LH:28
BRDA:15,0,0,1
BRDA:47,1,0,1
BRDA:47,1,1,1
BRDA:51,2,0,0
BRDA:51,2,1,1
BRDA:51,3,0,1
BRDA:51,3,1,1
BRDA:52,4,0,1
BRDA:52,4,1,0
BRF:9
BRH:7
end_of_record
