TN:
SF:src\user\login.ts
FN:10,(anonymous_13)
FN:10,(anonymous_14)
FN:28,(anonymous_15)
FN:30,(anonymous_16)
FN:33,(anonymous_17)
FNF:5
FNH:5
FNDA:2,(anonymous_13)
FNDA:2,(anonymous_14)
FNDA:2,(anonymous_15)
FNDA:1,(anonymous_16)
FNDA:1,(anonymous_17)
DA:1,1
DA:3,1
DA:8,1
DA:10,2
DA:11,2
DA:12,2
DA:14,2
DA:19,2
DA:21,2
DA:26,2
DA:28,2
DA:29,2
DA:31,1
DA:34,1
DA:35,1
DA:40,1
DA:45,1
DA:47,1
LF:18
LH:18
BRF:0
BRH:0
end_of_record
TN:
SF:src\user\signup.ts
FN:10,(anonymous_13)
FN:10,(anonymous_14)
FN:46,(anonymous_15)
FN:47,(anonymous_16)
FNF:4
FNH:4
FNDA:3,(anonymous_13)
FNDA:3,(anonymous_14)
FNDA:2,(anonymous_15)
FNDA:2,(anonymous_16)
DA:1,1
DA:3,1
DA:8,1
DA:10,3
DA:11,3
DA:12,3
DA:15,3
DA:16,1
DA:22,2
DA:23,2
DA:27,2
DA:32,2
DA:33,2
DA:35,2
DA:36,2
DA:38,2
DA:46,2
DA:47,2
DA:48,2
DA:49,1
DA:50,1
DA:52,1
DA:53,1
DA:54,1
DA:55,1
DA:57,0
DA:63,1
DA:68,1
DA:70,1
LF:29
LH:28
BRDA:15,0,0,1
BRDA:48,1,0,1
BRDA:48,1,1,1
BRDA:52,2,0,0
BRDA:52,2,1,1
BRDA:52,3,0,1
BRDA:52,3,1,1
BRDA:53,4,0,1
BRDA:53,4,1,0
BRF:9
BRH:7
end_of_record
